::1 - - [09/Aug/2025 06:42:43] "GET /quiz.html HTTP/1.1" 200 -
::1 - - [09/Aug/2025 06:42:45] code 404, message File not found
::1 - - [09/Aug/2025 06:42:45] "GET /favicon.ico HTTP/1.1" 404 -
::1 - - [09/Aug/2025 06:43:56] "GET /player-info.html HTTP/1.1" 200 -
::1 - - [09/Aug/2025 06:44:00] "GET /index.html HTTP/1.1" 200 -
::1 - - [09/Aug/2025 06:55:34] "GET / HTTP/1.1" 200 -
::1 - - [09/Aug/2025 07:04:42] "GET /quiz.html HTTP/1.1" 200 -
::1 - - [09/Aug/2025 07:07:32] "GET /index.html HTTP/1.1" 200 -
::1 - - [09/Aug/2025 07:07:32] code 404, message File not found
::1 - - [09/Aug/2025 07:07:32] "GET /favicon.ico HTTP/1.1" 404 -
::1 - - [09/Aug/2025 07:07:48] "GET /index.html HTTP/1.1" 200 -
::1 - - [09/Aug/2025 07:07:48] code 404, message File not found
::1 - - [09/Aug/2025 07:07:48] "GET /favicon.ico HTTP/1.1" 404 -
::1 - - [09/Aug/2025 07:08:28] "HEAD /index.html HTTP/1.1" 200 -
::1 - - [09/Aug/2025 07:08:34] "GET /index.html HTTP/1.1" 200 -
::1 - - [09/Aug/2025 07:10:15] "GET /index.html HTTP/1.1" 200 -
::1 - - [09/Aug/2025 07:10:15] code 404, message File not found
::1 - - [09/Aug/2025 07:10:15] "GET /favicon.ico HTTP/1.1" 404 -
::1 - - [09/Aug/2025 07:11:27] "GET /index.html HTTP/1.1" 304 -
::1 - - [09/Aug/2025 07:12:19] "GET /index.html HTTP/1.1" 200 -
::1 - - [09/Aug/2025 07:20:37] "GET /index.html HTTP/1.1" 200 -
